<?xml version="1.0" encoding="UTF-8"?>
<!-- Generated by org.testng.reporters.JUnitXMLReporter -->
<testsuite hostname="localhost.localdomain" ignored="56" name="Default test" tests="1" failures="0" timestamp="24 Oct 2018 08:35:37 GMT" time="156.464" errors="0">
  <testcase name="ADImageRedirectOnDetailsPage" time="155.46" classname="com.trader.scripts.SmokeTest"/>
  <testcase name="clickAndAssertNewsMenuAndPage" time="0.0" classname="com.trader.scripts.SmokeTest">
    <ignored/>
  </testcase> <!-- clickAndAssertNewsMenuAndPage -->
  <testcase name="createAccountWithExistingEmail" time="0.0" classname="com.trader.scripts.SmokeTest">
    <ignored/>
  </testcase> <!-- createAccountWithExistingEmail -->
  <testcase name="savedSearchShownUnderSavedSearchesPage" time="0.0" classname="com.trader.scripts.SmokeTest">
    <ignored/>
  </testcase> <!-- savedSearchShownUnderSavedSearchesPage -->
  <testcase name="ableToSaveSearch" time="0.0" classname="com.trader.scripts.SmokeTest">
    <ignored/>
  </testcase> <!-- ableToSaveSearch -->
  <testcase name="EmailOnlyRedirectOnContactSellerSection" time="0.0" classname="com.trader.scripts.SmokeTest">
    <ignored/>
  </testcase> <!-- EmailOnlyRedirectOnContactSellerSection -->
  <testcase name="searchWithPopularTypesIcon" time="0.0" classname="com.trader.scripts.SmokeTest">
    <ignored/>
  </testcase> <!-- searchWithPopularTypesIcon -->
  <testcase name="ableToSaveListingFromSearchResultPage" time="0.0" classname="com.trader.scripts.SmokeTest">
    <ignored/>
  </testcase> <!-- ableToSaveListingFromSearchResultPage -->
  <testcase name="allSavedListingAndSearchesOnMyTraderPage" time="0.0" classname="com.trader.scripts.SmokeTest">
    <ignored/>
  </testcase> <!-- allSavedListingAndSearchesOnMyTraderPage -->
  <testcase name="postAnListingADWithBestPackageSelected" time="0.0" classname="com.trader.scripts.SmokeTest">
    <ignored/>
  </testcase> <!-- postAnListingADWithBestPackageSelected -->
  <testcase name="findMotorcycleDealersLinkRedirection" time="0.0" classname="com.trader.scripts.SmokeTest">
    <ignored/>
  </testcase> <!-- findMotorcycleDealersLinkRedirection -->
  <testcase name="refineSearchWithLocation" time="0.0" classname="com.trader.scripts.SmokeTest">
    <ignored/>
  </testcase> <!-- refineSearchWithLocation -->
  <testcase name="updateAccountSetting" time="0.0" classname="com.trader.scripts.SmokeTest">
    <ignored/>
  </testcase> <!-- updateAccountSetting -->
  <testcase name="clickAndAssertResearchMenuAndPage" time="0.0" classname="com.trader.scripts.SmokeTest">
    <ignored/>
  </testcase> <!-- clickAndAssertResearchMenuAndPage -->
  <testcase name="SellForFreeLink" time="0.0" classname="com.trader.scripts.SmokeTest">
    <ignored/>
  </testcase> <!-- SellForFreeLink -->
  <testcase name="sellAMotorcycleLinkWorking" time="0.0" classname="com.trader.scripts.SmokeTest">
    <ignored/>
  </testcase> <!-- sellAMotorcycleLinkWorking -->
  <testcase name="assertLearnMoreButtonPages" time="0.0" classname="com.trader.scripts.SmokeTest">
    <ignored/>
  </testcase> <!-- assertLearnMoreButtonPages -->
  <testcase name="searchWithRecentSearchLink" time="0.0" classname="com.trader.scripts.SmokeTest">
    <ignored/>
  </testcase> <!-- searchWithRecentSearchLink -->
  <testcase name="searchWithTopMakesLinks" time="0.0" classname="com.trader.scripts.SmokeTest">
    <ignored/>
  </testcase> <!-- searchWithTopMakesLinks -->
  <testcase name="searchWithSeeMatchesButton" time="0.0" classname="com.trader.scripts.SmokeTest">
    <ignored/>
  </testcase> <!-- searchWithSeeMatchesButton -->
  <testcase name="searchWithBrowseAllMakes" time="0.0" classname="com.trader.scripts.SmokeTest">
    <ignored/>
  </testcase> <!-- searchWithBrowseAllMakes -->
  <testcase name="assertFindByStateSectionAtDealerPage" time="0.0" classname="com.trader.scripts.SmokeTest">
    <ignored/>
  </testcase> <!-- assertFindByStateSectionAtDealerPage -->
  <testcase name="refineSearchWithAllRefinedOption" time="0.0" classname="com.trader.scripts.SmokeTest">
    <ignored/>
  </testcase> <!-- refineSearchWithAllRefinedOption -->
  <testcase name="searchWithTopModellinks" time="0.0" classname="com.trader.scripts.SmokeTest">
    <ignored/>
  </testcase> <!-- searchWithTopModellinks -->
  <testcase name="assertTopModel" time="0.0" classname="com.trader.scripts.SmokeTest">
    <ignored/>
  </testcase> <!-- assertTopModel -->
  <testcase name="searchWithSearchAllUnderPopularType" time="0.0" classname="com.trader.scripts.SmokeTest">
    <ignored/>
  </testcase> <!-- searchWithSearchAllUnderPopularType -->
  <testcase name="buttonsRedirectionFromFindTrader" time="0.0" classname="com.trader.scripts.SmokeTest">
    <ignored/>
  </testcase> <!-- buttonsRedirectionFromFindTrader -->
  <testcase name="searchWithMakesLink" time="0.0" classname="com.trader.scripts.SmokeTest">
    <ignored/>
  </testcase> <!-- searchWithMakesLink -->
  <testcase name="advancedSearchLinkAtHome" time="0.0" classname="com.trader.scripts.SmokeTest">
    <ignored/>
  </testcase> <!-- advancedSearchLinkAtHome -->
  <testcase name="verifyLoginToApplication" time="0.0" classname="com.trader.scripts.SmokeTest">
    <ignored/>
  </testcase> <!-- verifyLoginToApplication -->
  <testcase name="searchWithMakesIcon" time="0.0" classname="com.trader.scripts.SmokeTest">
    <ignored/>
  </testcase> <!-- searchWithMakesIcon -->
  <testcase name="postAnListingADWithEnhancedPackageSelected" time="0.0" classname="com.trader.scripts.SmokeTest">
    <ignored/>
  </testcase> <!-- postAnListingADWithEnhancedPackageSelected -->
  <testcase name="ableToSaveListing" time="0.0" classname="com.trader.scripts.SmokeTest">
    <ignored/>
  </testcase> <!-- ableToSaveListing -->
  <testcase name="dealersLinkredirectionFromDealersResultPage" time="0.0" classname="com.trader.scripts.SmokeTest">
    <ignored/>
  </testcase> <!-- dealersLinkredirectionFromDealersResultPage -->
  <testcase name="postAdWithSelectingFreePackage" time="0.0" classname="com.trader.scripts.SmokeTest">
    <ignored/>
  </testcase> <!-- postAdWithSelectingFreePackage -->
  <testcase name="searchFromHome" time="0.0" classname="com.trader.scripts.SmokeTest">
    <ignored/>
  </testcase> <!-- searchFromHome -->
  <testcase name="advancedSearchWithKeyword" time="0.0" classname="com.trader.scripts.SmokeTest">
    <ignored/>
  </testcase> <!-- advancedSearchWithKeyword -->
  <testcase name="searchWithSearchAllUnderPopularState" time="0.0" classname="com.trader.scripts.SmokeTest">
    <ignored/>
  </testcase> <!-- searchWithSearchAllUnderPopularState -->
  <testcase name="buyMenuRedirectionAndAssertResultPage" time="0.0" classname="com.trader.scripts.SmokeTest">
    <ignored/>
  </testcase> <!-- buyMenuRedirectionAndAssertResultPage -->
  <testcase name="createAccount" time="0.0" classname="com.trader.scripts.SmokeTest">
    <ignored/>
  </testcase> <!-- createAccount -->
  <testcase name="dealerSearchAndAssertResultPage" time="0.0" classname="com.trader.scripts.SmokeTest">
    <ignored/>
  </testcase> <!-- dealerSearchAndAssertResultPage -->
  <testcase name="searchWithAllTypesLinks" time="0.0" classname="com.trader.scripts.SmokeTest">
    <ignored/>
  </testcase> <!-- searchWithAllTypesLinks -->
  <testcase name="verifyLoginWithInvalidCredentials" time="0.0" classname="com.trader.scripts.SmokeTest">
    <ignored/>
  </testcase> <!-- verifyLoginWithInvalidCredentials -->
  <testcase name="assertTopTypesSection" time="0.0" classname="com.trader.scripts.SmokeTest">
    <ignored/>
  </testcase> <!-- assertTopTypesSection -->
  <testcase name="searchWithKeyWordZipCodeAndRadius" time="0.0" classname="com.trader.scripts.SmokeTest">
    <ignored/>
  </testcase> <!-- searchWithKeyWordZipCodeAndRadius -->
  <testcase name="advancedSearchWithAllRefineOptions" time="0.0" classname="com.trader.scripts.SmokeTest">
    <ignored/>
  </testcase> <!-- advancedSearchWithAllRefineOptions -->
  <testcase name="refineSearchWithKeywords" time="0.0" classname="com.trader.scripts.SmokeTest">
    <ignored/>
  </testcase> <!-- refineSearchWithKeywords -->
  <testcase name="savedListingShownUnderSavedListingPage" time="0.0" classname="com.trader.scripts.SmokeTest">
    <ignored/>
  </testcase> <!-- savedListingShownUnderSavedListingPage -->
  <testcase name="calculateEstimatePayment" time="0.0" classname="com.trader.scripts.SmokeTest">
    <ignored/>
  </testcase> <!-- calculateEstimatePayment -->
  <testcase name="searchWithPopularMakes" time="0.0" classname="com.trader.scripts.SmokeTest">
    <ignored/>
  </testcase> <!-- searchWithPopularMakes -->
  <testcase name="assertTopMotorcycleMakes" time="0.0" classname="com.trader.scripts.SmokeTest">
    <ignored/>
  </testcase> <!-- assertTopMotorcycleMakes -->
  <testcase name="clickAndAssertRaceTeamMenuAndPage" time="0.0" classname="com.trader.scripts.SmokeTest">
    <ignored/>
  </testcase> <!-- clickAndAssertRaceTeamMenuAndPage -->
  <testcase name="searchWithLocation" time="0.0" classname="com.trader.scripts.SmokeTest">
    <ignored/>
  </testcase> <!-- searchWithLocation -->
  <testcase name="applicationLogoRedirectOnHomePage" time="0.0" classname="com.trader.scripts.SmokeTest">
    <ignored/>
  </testcase> <!-- applicationLogoRedirectOnHomePage -->
  <testcase name="dealersMenuRedirectionAndAssertResultPage" time="0.0" classname="com.trader.scripts.SmokeTest">
    <ignored/>
  </testcase> <!-- dealersMenuRedirectionAndAssertResultPage -->
  <testcase name="searchWithStateUnderPopularState" time="0.0" classname="com.trader.scripts.SmokeTest">
    <ignored/>
  </testcase> <!-- searchWithStateUnderPopularState -->
  <testcase name="createAccountwithInvalidEmail" time="0.0" classname="com.trader.scripts.SmokeTest">
    <ignored/>
  </testcase> <!-- createAccountwithInvalidEmail -->
</testsuite> <!-- Default test -->
